  Camera.cpp
  immmma.h
C:\Users\l4yb72\Desktop\TommorX\TommorX\Player.h(88,71): warning C4244: “参数”: 从“double”转换到“int”，可能丢失数据
  (编译源文件“immmma.h”)
  
C:\Users\l4yb72\Desktop\TommorX\TommorX\Player.h(88,30): warning C4244: “参数”: 从“double”转换到“int”，可能丢失数据
  (编译源文件“immmma.h”)
  
C:\Users\l4yb72\Desktop\TommorX\TommorX\Player.h(185,29): warning C4244: “初始化”: 从“double”转换到“float”，可能丢失数据
  (编译源文件“immmma.h”)
  
C:\Users\l4yb72\Desktop\TommorX\TommorX\Player.h(186,24): warning C4244: “初始化”: 从“double”转换到“float”，可能丢失数据
  (编译源文件“immmma.h”)
  
C:\Users\l4yb72\Desktop\TommorX\TommorX\Room.h(47,23): warning C4244: “初始化”: 从“double”转换到“int”，可能丢失数据
  (编译源文件“immmma.h”)
  
C:\Users\l4yb72\Desktop\TommorX\TommorX\Room.h(48,23): warning C4244: “初始化”: 从“double”转换到“int”，可能丢失数据
  (编译源文件“immmma.h”)
  
  Timer.h
  TommorX.cpp
C:\Users\l4yb72\Desktop\TommorX\TommorX\Player.h(88,71): warning C4244: “参数”: 从“double”转换到“int”，可能丢失数据
  (编译源文件“TommorX.cpp”)
  
C:\Users\l4yb72\Desktop\TommorX\TommorX\Player.h(88,30): warning C4244: “参数”: 从“double”转换到“int”，可能丢失数据
  (编译源文件“TommorX.cpp”)
  
C:\Users\l4yb72\Desktop\TommorX\TommorX\Player.h(185,29): warning C4244: “初始化”: 从“double”转换到“float”，可能丢失数据
  (编译源文件“TommorX.cpp”)
  
C:\Users\l4yb72\Desktop\TommorX\TommorX\Player.h(186,24): warning C4244: “初始化”: 从“double”转换到“float”，可能丢失数据
  (编译源文件“TommorX.cpp”)
  
C:\Users\l4yb72\Desktop\TommorX\TommorX\Room.h(47,23): warning C4244: “初始化”: 从“double”转换到“int”，可能丢失数据
  (编译源文件“TommorX.cpp”)
  
C:\Users\l4yb72\Desktop\TommorX\TommorX\Room.h(48,23): warning C4244: “初始化”: 从“double”转换到“int”，可能丢失数据
  (编译源文件“TommorX.cpp”)
  
C:\Users\l4yb72\Desktop\TommorX\TommorX\Menu_scene.h(75,98): warning C4244: “参数”: 从“double”转换到“int”，可能丢失数据
  (编译源文件“TommorX.cpp”)
  
C:\Users\l4yb72\Desktop\TommorX\TommorX\Menu_scene.h(75,44): warning C4244: “参数”: 从“double”转换到“int”，可能丢失数据
  (编译源文件“TommorX.cpp”)
  
C:\Users\l4yb72\Desktop\TommorX\TommorX\Menu_scene.h(78,65): warning C4244: “参数”: 从“double”转换到“int”，可能丢失数据
  (编译源文件“TommorX.cpp”)
  
C:\Users\l4yb72\Desktop\TommorX\TommorX\Menu_scene.h(78,38): warning C4244: “参数”: 从“double”转换到“int”，可能丢失数据
  (编译源文件“TommorX.cpp”)
  
C:\Users\l4yb72\Desktop\TommorX\TommorX\Game_scene.h(59,100): warning C4244: “参数”: 从“double”转换到“int”，可能丢失数据
  (编译源文件“TommorX.cpp”)
  
C:\Users\l4yb72\Desktop\TommorX\TommorX\Game_scene.h(59,46): warning C4244: “参数”: 从“double”转换到“int”，可能丢失数据
  (编译源文件“TommorX.cpp”)
  
C:\Users\l4yb72\Desktop\TommorX\TommorX\Select_scene.h(44,3): warning C4065: switch 语句包含“default”但是未包含“case”标签
  (编译源文件“TommorX.cpp”)
  
C:\Users\l4yb72\Desktop\TommorX\TommorX\TommorX.cpp(46,12): warning C4244: “参数”: 从“time_t”转换到“unsigned int”，可能丢失数据
  正在生成代码...
  TommorX.vcxproj -> C:\Users\l4yb72\Desktop\TommorX\x64\Debug\TommorX.exe
